<?xml version="1.0" encoding="UTF-8"?>
<testsuite name="OnePossibleTest" tests="1" skipped="0" failures="0" errors="0" timestamp="2019-12-10T04:09:34" hostname="Namita" time="0.003">
  <properties/>
  <testcase name="onepossibleSolutionSolve" classname="OnePossibleTest" time="0.003"/>
  <system-out><![CDATA[]]></system-out>
  <system-err><![CDATA[]]></system-err>
</testsuite>
