<?xml version="1.0" encoding="UTF-8"?>
<testsuite name="SolverTemplateTest" tests="1" skipped="0" failures="0" errors="0" timestamp="2019-12-10T04:09:34" hostname="Namita" time="0.018">
  <properties/>
  <testcase name="testConstructor" classname="SolverTemplateTest" time="0.018"/>
  <system-out><![CDATA[ 1 2 3 4 5 6 7 8 9 A B C D E F G
 0 0 8 0 6 B 0 G 8 0 5 1 0 3 0 0
 0 0 D 4 0 0 A 0 0 G 0 0 2 7 0 0
 9 G 0 B 0 0 0 0 0 0 0 0 A 0 6 E
 0 0 E 0 0 0 8 7 C 2 0 0 0 D 0 0
 5 0 C 0 3 D 0 B E 0 8 2 0 4 0 1
 D 0 0 0 0 0 7 0 0 A 0 0 0 0 0 C
 0 0 0 0 1 A F 2 5 9 C 3 0 0 0 0
 0 0 7 9 0 0 G 0 0 6 0 0 E 5 0 0
 0 0 5 1 0 0 C 0 0 F 0 0 D E 0 0
 0 0 0 0 D 5 1 8 B C 6 7 0 0 0 0
 C 0 0 0 0 0 6 0 0 5 0 0 0 0 0 7
 4 0 A 0 F 9 0 3 2 0 G E 0 6 0 5
 0 0 F 0 0 0 2 9 D E 0 0 0 A 0 0
 8 D 0 E 0 0 0 0 0 0 0 0 G 0 C 6
 0 0 4 A 0 0 3 0 0 1 0 0 7 9 0 0

]]></system-out>
  <system-err><![CDATA[]]></system-err>
</testsuite>
